android/app/build/outputs/logs/manifest-merger-debug-report.txt
-- Merging decision tree log ---
manifest
ADDED from src/main/AndroidManifest.xml:1:1-38:12
INJECTED from src/main/AndroidManifest.xml:1:1-38:12
INJECTED from src/main/AndroidManifest.xml:1:1-38:12
INJECTED from src/main/AndroidManifest.xml:1:1-38:12
MERGED from [:react-native-android-sms-listener] AndroidManifest.xml:2:1-13:12
MERGED from [:RNMail] AndroidManifest.xml:2:1-11:12
MERGED from [:react-native-fbsdk] AndroidManifest.xml:21:1-30:12
MERGED from [:react-native-picker] AndroidManifest.xml:2:1-13:12
MERGED from [:react-native-bottom-action-sheet] AndroidManifest.xml:2:1-11:12
MERGED from [:react-native-wheel-picker] AndroidManifest.xml:2:1-11:12
MERGED from [:react-native-google-signin] AndroidManifest.xml:2:1-11:12
MERGED from [:react-native-image-base64] AndroidManifest.xml:2:1-11:12
MERGED from [:react-native-image-picker] AndroidManifest.xml:2:1-23:12
MERGED from [:react-native-i18n] AndroidManifest.xml:2:1-9:12
MERGED from [:react-native-svg] AndroidManifest.xml:2:1-9:12
MERGED from [:react-native-vector-icons] AndroidManifest.xml:2:1-11:12
MERGED from [:react-native-touch-id] AndroidManifest.xml:2:1-13:12
MERGED from [:react-native-linear-gradient] AndroidManifest.xml:2:1-11:12
MERGED from [:react-native-razorpay] AndroidManifest.xml:2:1-17:12
MERGED from [com.github.javiersantos:BottomDialogs:1.2.1] AndroidManifest.xml:2:1-11:12
MERGED from [com.android.support:design:27.1.1] AndroidManifest.xml:17:1-22:12
MERGED from [com.facebook.android:facebook-android-sdk:4.34.0] AndroidManifest.xml:21:1-31:12
MERGED from [com.facebook.android:facebook-login:4.34.0] AndroidManifest.xml:21:1-31:12
MERGED from [com.facebook.android:facebook-share:4.34.0] AndroidManifest.xml:21:1-31:12
MERGED from [com.facebook.android:facebook-common:4.34.0] AndroidManifest.xml:21:1-37:12
MERGED from [com.facebook.react:react-native:0.55.4] AndroidManifest.xml:2:1-15:12
MERGED from [com.android.support:appcompat-v7:27.1.1] AndroidManifest.xml:17:1-22:12
MERGED from [com.razorpay:checkout:1.5.2] AndroidManifest.xml:2:1-32:12
MERGED from [com.github.rubensousa:bottomsheetbuilder:1.6.1] AndroidManifest.xml:2:1-11:12
MERGED from [cn.aigestudio.wheelpicker:WheelPicker:1.0.3] AndroidManifest.xml:2:1-12:12
MERGED from [com.google.android.gms:play-services-auth:16.0.1] AndroidManifest.xml:17:1-39:12
MERGED from [com.facebook.android:facebook-places:4.34.0] AndroidManifest.xml:21:1-31:12
MERGED from [com.facebook.android:facebook-applinks:4.34.0] AndroidManifest.xml:21:1-31:12
MERGED from [com.facebook.android:facebook-messenger:4.34.0] AndroidManifest.xml:21:1-31:12
MERGED from [com.facebook.android:facebook-marketing:4.34.0] AndroidManifest.xml:21:1-35:12
MERGED from [com.facebook.android:facebook-core:4.34.0] AndroidManifest.xml:21:1-53:12
MERGED from [com.google.android.gms:play-services-auth-api-phone:16.0.0] AndroidManifest.xml:2:1-7:12
MERGED from [com.google.android.gms:play-services-auth-base:16.0.0] AndroidManifest.xml:2:1-7:12
MERGED from [com.google.android.gms:play-services-base:16.0.1] AndroidManifest.xml:17:1-29:12
MERGED from [com.google.android.gms:play-services-tasks:16.0.1] AndroidManifest.xml:2:1-9:12
MERGED from [com.google.android.gms:play-services-basement:16.0.1] AndroidManifest.xml:17:1-28:12
MERGED from [com.android.support:support-v4:27.1.1] AndroidManifest.xml:17:1-22:12
MERGED from [com.android.support:recyclerview-v7:27.1.1] AndroidManifest.xml:17:1-22:12
MERGED from [com.android.support:transition:27.1.1] AndroidManifest.xml:17:1-22:12
MERGED from [com.android.support:cardview-v7:27.0.2] AndroidManifest.xml:17:1-22:12
MERGED from [com.android.support:customtabs:27.0.2] AndroidManifest.xml:17:1-22:12
MERGED from [com.android.support:support-fragment:27.1.1] AndroidManifest.xml:17:1-22:12
MERGED from [com.android.support:animated-vector-drawable:27.1.1] AndroidManifest.xml:17:1-22:12
MERGED from [com.android.support:support-core-ui:27.1.1] AndroidManifest.xml:17:1-22:12
MERGED from [com.android.support:support-media-compat:27.1.1] AndroidManifest.xml:17:1-22:12
MERGED from [com.android.support:support-core-utils:27.1.1] AndroidManifest.xml:17:1-22:12
MERGED from [com.android.support:support-vector-drawable:27.1.1] AndroidManifest.xml:17:1-22:12
MERGED from [com.android.support:support-compat:27.1.1] AndroidManifest.xml:17:1-22:12
MERGED from [com.facebook.fresco:fresco:1.3.0] AndroidManifest.xml:2:1-9:12
MERGED from [com.facebook.fresco:imagepipeline-okhttp3:1.3.0] AndroidManifest.xml:2:1-9:12
MERGED from [com.facebook.fresco:imagepipeline:1.3.0] AndroidManifest.xml:2:1-9:12
MERGED from [com.facebook.fresco:imagepipeline-base:1.3.0] AndroidManifest.xml:2:1-9:12
MERGED from [android.arch.lifecycle:livedata-core:1.1.0] AndroidManifest.xml:17:1-22:12
MERGED from [android.arch.lifecycle:viewmodel:1.1.0] AndroidManifest.xml:17:1-22:12
MERGED from [android.arch.lifecycle:runtime:1.1.0] AndroidManifest.xml:17:1-22:12
MERGED from [android.arch.core:runtime:1.1.0] AndroidManifest.xml:17:1-22:12
MERGED from [com.facebook.fbui.textlayoutbuilder:textlayoutbuilder:1.0.0] AndroidManifest.xml:10:1-18:12
MERGED from [com.facebook.soloader:soloader:0.1.0] AndroidManifest.xml:1:1-4:12
MERGED from [org.webkit:android-jsc:r174650] AndroidManifest.xml:1:1-3:12
MERGED from [com.facebook.fresco:drawee:1.3.0] AndroidManifest.xml:2:1-9:12
MERGED from [com.facebook.fresco:fbcore:1.3.0] AndroidManifest.xml:2:1-9:12
INJECTED from src/main/AndroidManifest.xml:1:1-38:12
INJECTED from src/main/AndroidManifest.xml:1:1-38:12
INJECTED from src/main/AndroidManifest.xml:1:1-38:12
	package
		ADDED from src/main/AndroidManifest.xml:2:5-25
		INJECTED from src/main/AndroidManifest.xml
		INJECTED from src/main/AndroidManifest.xml
	android:versionName
		INJECTED from src/main/AndroidManifest.xml
		ADDED from src/main/AndroidManifest.xml:1:1-38:12
		INJECTED from src/main/AndroidManifest.xml
	android:versionCode
		INJECTED from src/main/AndroidManifest.xml
		ADDED from src/main/AndroidManifest.xml:1:1-38:12
		INJECTED from src/main/AndroidManifest.xml
	xmlns:android
		ADDED from src/main/AndroidManifest.xml:1:11-69
uses-permission#android.permission.INTERNET
ADDED from src/main/AndroidManifest.xml:4:5-67
MERGED from [com.razorpay:checkout:1.5.2] AndroidManifest.xml:9:5-67
MERGED from [com.razorpay:checkout:1.5.2] AndroidManifest.xml:9:5-67
	android:name
		ADDED from src/main/AndroidManifest.xml:4:22-64
uses-permission#android.permission.SYSTEM_ALERT_WINDOW
ADDED from src/main/AndroidManifest.xml:5:5-77
MERGED from [:react-native-picker] AndroidManifest.xml:11:5-78
MERGED from [:react-native-picker] AndroidManifest.xml:11:5-78
MERGED from [com.facebook.react:react-native:0.55.4] AndroidManifest.xml:11:5-78
MERGED from [com.facebook.react:react-native:0.55.4] AndroidManifest.xml:11:5-78
	android:name
		ADDED from src/main/AndroidManifest.xml:5:22-75
uses-permission#android.permission.USE_FINGERPRINT
ADDED from src/main/AndroidManifest.xml:6:5-74
MERGED from [:react-native-touch-id] AndroidManifest.xml:11:5-74
MERGED from [:react-native-touch-id] AndroidManifest.xml:11:5-74
	android:name
		ADDED from src/main/AndroidManifest.xml:6:22-71
uses-permission#android.permission.CAMERA
ADDED from src/main/AndroidManifest.xml:7:5-65
	android:name
		ADDED from src/main/AndroidManifest.xml:7:22-62
uses-permission#android.permission.WRITE_EXTERNAL_STORAGE
ADDED from src/main/AndroidManifest.xml:8:5-80
	android:name
		ADDED from src/main/AndroidManifest.xml:8:22-78
uses-permission#android.permission.RECEIVE_SMS
ADDED from src/main/AndroidManifest.xml:9:5-70
MERGED from [:react-native-android-sms-listener] AndroidManifest.xml:11:5-70
MERGED from [:react-native-android-sms-listener] AndroidManifest.xml:11:5-70
	android:name
		ADDED from src/main/AndroidManifest.xml:9:22-67
application
ADDED from src/main/AndroidManifest.xml:12:5-36:19
MERGED from [:react-native-fbsdk] AndroidManifest.xml:28:5-20
MERGED from [:react-native-fbsdk] AndroidManifest.xml:28:5-20
MERGED from [:react-native-image-picker] AndroidManifest.xml:11:5-21:19
MERGED from [:react-native-image-picker] AndroidManifest.xml:11:5-21:19
MERGED from [:react-native-razorpay] AndroidManifest.xml:11:5-15:19
MERGED from [:react-native-razorpay] AndroidManifest.xml:11:5-15:19
MERGED from [com.facebook.android:facebook-android-sdk:4.34.0] AndroidManifest.xml:28:5-29:19
MERGED from [com.facebook.android:facebook-android-sdk:4.34.0] AndroidManifest.xml:28:5-29:19
MERGED from [com.facebook.android:facebook-login:4.34.0] AndroidManifest.xml:28:5-29:19
MERGED from [com.facebook.android:facebook-login:4.34.0] AndroidManifest.xml:28:5-29:19
MERGED from [com.facebook.android:facebook-share:4.34.0] AndroidManifest.xml:28:5-29:19
MERGED from [com.facebook.android:facebook-share:4.34.0] AndroidManifest.xml:28:5-29:19
MERGED from [com.facebook.android:facebook-common:4.34.0] AndroidManifest.xml:28:5-35:19
MERGED from [com.facebook.android:facebook-common:4.34.0] AndroidManifest.xml:28:5-35:19
MERGED from [com.facebook.react:react-native:0.55.4] AndroidManifest.xml:13:5-20
MERGED from [com.facebook.react:react-native:0.55.4] AndroidManifest.xml:13:5-20
MERGED from [com.razorpay:checkout:1.5.2] AndroidManifest.xml:11:5-30:19
MERGED from [com.razorpay:checkout:1.5.2] AndroidManifest.xml:11:5-30:19
MERGED from [com.google.android.gms:play-services-auth:16.0.1] AndroidManifest.xml:22:5-37:19
MERGED from [com.google.android.gms:play-services-auth:16.0.1] AndroidManifest.xml:22:5-37:19
MERGED from [com.facebook.android:facebook-places:4.34.0] AndroidManifest.xml:28:5-29:19
MERGED from [com.facebook.android:facebook-places:4.34.0] AndroidManifest.xml:28:5-29:19
MERGED from [com.facebook.android:facebook-applinks:4.34.0] AndroidManifest.xml:28:5-29:19
MERGED from [com.facebook.android:facebook-applinks:4.34.0] AndroidManifest.xml:28:5-29:19
MERGED from [com.facebook.android:facebook-messenger:4.34.0] AndroidManifest.xml:28:5-29:19
MERGED from [com.facebook.android:facebook-messenger:4.34.0] AndroidManifest.xml:28:5-29:19
MERGED from [com.facebook.android:facebook-marketing:4.34.0] AndroidManifest.xml:28:5-33:19
MERGED from [com.facebook.android:facebook-marketing:4.34.0] AndroidManifest.xml:28:5-33:19
MERGED from [com.facebook.android:facebook-core:4.34.0] AndroidManifest.xml:28:5-51:19
MERGED from [com.facebook.android:facebook-core:4.34.0] AndroidManifest.xml:28:5-51:19
MERGED from [com.google.android.gms:play-services-base:16.0.1] AndroidManifest.xml:22:5-27:19
MERGED from [com.google.android.gms:play-services-base:16.0.1] AndroidManifest.xml:22:5-27:19
MERGED from [com.google.android.gms:play-services-tasks:16.0.1] AndroidManifest.xml:7:5-20
MERGED from [com.google.android.gms:play-services-tasks:16.0.1] AndroidManifest.xml:7:5-20
MERGED from [com.google.android.gms:play-services-basement:16.0.1] AndroidManifest.xml:22:5-26:19
MERGED from [com.google.android.gms:play-services-basement:16.0.1] AndroidManifest.xml:22:5-26:19
MERGED from [com.facebook.soloader:soloader:0.1.0] AndroidManifest.xml:3:3-17
MERGED from [com.facebook.soloader:soloader:0.1.0] AndroidManifest.xml:3:3-17
MERGED from [org.webkit:android-jsc:r174650] AndroidManifest.xml:2:3-17
MERGED from [org.webkit:android-jsc:r174650] AndroidManifest.xml:2:3-17
	android:supportsRtl
		ADDED from [com.facebook.android:facebook-android-sdk:4.34.0] AndroidManifest.xml:28:18-44
	android:label
		ADDED from src/main/AndroidManifest.xml:14:7-39
	android:icon
		ADDED from src/main/AndroidManifest.xml:15:7-41
	android:allowBackup
		ADDED from src/main/AndroidManifest.xml:16:7-34
	android:theme
		ADDED from src/main/AndroidManifest.xml:17:7-38
	android:networkSecurityConfig
		ADDED from src/main/AndroidManifest.xml:18:7-67
	android:name
		ADDED from src/main/AndroidManifest.xml:13:7-38
meta-data#com.facebook.sdk.ApplicationId
ADDED from src/main/AndroidManifest.xml:19:7-105
	android:value
		ADDED from src/main/AndroidManifest.xml:19:64-103
	android:name
		ADDED from src/main/AndroidManifest.xml:19:18-63
activity#com.zulapp.MainActivity
ADDED from src/main/AndroidManifest.xml:20:7-30:18
	android:screenOrientation
		ADDED from src/main/AndroidManifest.xml:24:9-45
	android:label
		ADDED from src/main/AndroidManifest.xml:22:9-41
	android:windowSoftInputMode
		ADDED from src/main/AndroidManifest.xml:25:9-51
	android:configChanges
		ADDED from src/main/AndroidManifest.xml:23:9-79
	android:name
		ADDED from src/main/AndroidManifest.xml:21:9-37
intent-filter#action:name:android.intent.action.MAIN+category:name:android.intent.category.LAUNCHER
ADDED from src/main/AndroidManifest.xml:26:9-29:25
action#android.intent.action.MAIN
ADDED from src/main/AndroidManifest.xml:27:13-65
	android:name
		ADDED from src/main/AndroidManifest.xml:27:21-62
category#android.intent.category.LAUNCHER
ADDED from src/main/AndroidManifest.xml:28:13-73
	android:name
		ADDED from src/main/AndroidManifest.xml:28:23-70
meta-data#com.razorpay.ApiKey
ADDED from src/main/AndroidManifest.xml:31:7-34:13
	android:value
		ADDED from src/main/AndroidManifest.xml:33:11-50
	android:name
		ADDED from src/main/AndroidManifest.xml:32:11-45
activity#com.facebook.react.devsupport.DevSettingsActivity
ADDED from src/main/AndroidManifest.xml:35:7-84
	android:name
		ADDED from src/main/AndroidManifest.xml:35:17-81
uses-sdk
INJECTED from src/main/AndroidManifest.xml reason: use-sdk injection requested
INJECTED from src/main/AndroidManifest.xml
INJECTED from src/main/AndroidManifest.xml
MERGED from [:react-native-android-sms-listener] AndroidManifest.xml:7:5-9:41
MERGED from [:react-native-android-sms-listener] AndroidManifest.xml:7:5-9:41
MERGED from [:RNMail] AndroidManifest.xml:7:5-9:41
MERGED from [:RNMail] AndroidManifest.xml:7:5-9:41
MERGED from [:react-native-fbsdk] AndroidManifest.xml:24:5-26:41
MERGED from [:react-native-fbsdk] AndroidManifest.xml:24:5-26:41
MERGED from [:react-native-picker] AndroidManifest.xml:7:5-9:41
MERGED from [:react-native-picker] AndroidManifest.xml:7:5-9:41
MERGED from [:react-native-bottom-action-sheet] AndroidManifest.xml:7:5-9:41
MERGED from [:react-native-bottom-action-sheet] AndroidManifest.xml:7:5-9:41
MERGED from [:react-native-wheel-picker] AndroidManifest.xml:7:5-9:41
MERGED from [:react-native-wheel-picker] AndroidManifest.xml:7:5-9:41
MERGED from [:react-native-google-signin] AndroidManifest.xml:7:5-9:41
MERGED from [:react-native-google-signin] AndroidManifest.xml:7:5-9:41
MERGED from [:react-native-image-base64] AndroidManifest.xml:7:5-9:41
MERGED from [:react-native-image-base64] AndroidManifest.xml:7:5-9:41
MERGED from [:react-native-image-picker] AndroidManifest.xml:7:5-9:41
MERGED from [:react-native-image-picker] AndroidManifest.xml:7:5-9:41
MERGED from [:react-native-i18n] AndroidManifest.xml:5:5-7:41
MERGED from [:react-native-i18n] AndroidManifest.xml:5:5-7:41
MERGED from [:react-native-svg] AndroidManifest.xml:5:5-7:41
MERGED from [:react-native-svg] AndroidManifest.xml:5:5-7:41
MERGED from [:react-native-vector-icons] AndroidManifest.xml:7:5-9:41
MERGED from [:react-native-vector-icons] AndroidManifest.xml:7:5-9:41
MERGED from [:react-native-touch-id] AndroidManifest.xml:7:5-9:41
MERGED from [:react-native-touch-id] AndroidManifest.xml:7:5-9:41
MERGED from [:react-native-linear-gradient] AndroidManifest.xml:7:5-9:41
MERGED from [:react-native-linear-gradient] AndroidManifest.xml:7:5-9:41
MERGED from [:react-native-razorpay] AndroidManifest.xml:7:5-9:41
MERGED from [:react-native-razorpay] AndroidManifest.xml:7:5-9:41
MERGED from [com.github.javiersantos:BottomDialogs:1.2.1] AndroidManifest.xml:7:5-9:41
MERGED from [com.github.javiersantos:BottomDialogs:1.2.1] AndroidManifest.xml:7:5-9:41
MERGED from [com.android.support:design:27.1.1] AndroidManifest.xml:20:5-44
MERGED from [com.android.support:design:27.1.1] AndroidManifest.xml:20:5-44
MERGED from [com.facebook.android:facebook-android-sdk:4.34.0] AndroidManifest.xml:24:5-26:41
MERGED from [com.facebook.android:facebook-android-sdk:4.34.0] AndroidManifest.xml:24:5-26:41
MERGED from [com.facebook.android:facebook-login:4.34.0] AndroidManifest.xml:24:5-26:41
MERGED from [com.facebook.android:facebook-login:4.34.0] AndroidManifest.xml:24:5-26:41
MERGED from [com.facebook.android:facebook-share:4.34.0] AndroidManifest.xml:24:5-26:41
MERGED from [com.facebook.android:facebook-share:4.34.0] AndroidManifest.xml:24:5-26:41
MERGED from [com.facebook.android:facebook-common:4.34.0] AndroidManifest.xml:24:5-26:41
MERGED from [com.facebook.android:facebook-common:4.34.0] AndroidManifest.xml:24:5-26:41
MERGED from [com.facebook.react:react-native:0.55.4] AndroidManifest.xml:7:5-9:41
MERGED from [com.facebook.react:react-native:0.55.4] AndroidManifest.xml:7:5-9:41
MERGED from [com.android.support:appcompat-v7:27.1.1] AndroidManifest.xml:20:5-44
MERGED from [com.android.support:appcompat-v7:27.1.1] AndroidManifest.xml:20:5-44
MERGED from [com.razorpay:checkout:1.5.2] AndroidManifest.xml:5:5-7:41
MERGED from [com.razorpay:checkout:1.5.2] AndroidManifest.xml:5:5-7:41
MERGED from [com.github.rubensousa:bottomsheetbuilder:1.6.1] AndroidManifest.xml:7:5-9:41
MERGED from [com.github.rubensousa:bottomsheetbuilder:1.6.1] AndroidManifest.xml:7:5-9:41
MERGED from [cn.aigestudio.wheelpicker:WheelPicker:1.0.3] AndroidManifest.xml:8:5-10:41
MERGED from [cn.aigestudio.wheelpicker:WheelPicker:1.0.3] AndroidManifest.xml:8:5-10:41
MERGED from [com.google.android.gms:play-services-auth:16.0.1] AndroidManifest.xml:20:5-44
MERGED from [com.google.android.gms:play-services-auth:16.0.1] AndroidManifest.xml:20:5-44
MERGED from [com.facebook.android:facebook-places:4.34.0] AndroidManifest.xml:24:5-26:41
MERGED from [com.facebook.android:facebook-places:4.34.0] AndroidManifest.xml:24:5-26:41
MERGED from [com.facebook.android:facebook-applinks:4.34.0] AndroidManifest.xml:24:5-26:41
MERGED from [com.facebook.android:facebook-applinks:4.34.0] AndroidManifest.xml:24:5-26:41
MERGED from [com.facebook.android:facebook-messenger:4.34.0] AndroidManifest.xml:24:5-26:41
MERGED from [com.facebook.android:facebook-messenger:4.34.0] AndroidManifest.xml:24:5-26:41
MERGED from [com.facebook.android:facebook-marketing:4.34.0] AndroidManifest.xml:24:5-26:41
MERGED from [com.facebook.android:facebook-marketing:4.34.0] AndroidManifest.xml:24:5-26:41
MERGED from [com.facebook.android:facebook-core:4.34.0] AndroidManifest.xml:24:5-26:41
MERGED from [com.facebook.android:facebook-core:4.34.0] AndroidManifest.xml:24:5-26:41
MERGED from [com.google.android.gms:play-services-auth-api-phone:16.0.0] AndroidManifest.xml:5:5-44
MERGED from [com.google.android.gms:play-services-auth-api-phone:16.0.0] AndroidManifest.xml:5:5-44
MERGED from [com.google.android.gms:play-services-auth-base:16.0.0] AndroidManifest.xml:5:5-44
MERGED from [com.google.android.gms:play-services-auth-base:16.0.0] AndroidManifest.xml:5:5-44
MERGED from [com.google.android.gms:play-services-base:16.0.1] AndroidManifest.xml:20:5-44
MERGED from [com.google.android.gms:play-services-base:16.0.1] AndroidManifest.xml:20:5-44
MERGED from [com.google.android.gms:play-services-tasks:16.0.1] AndroidManifest.xml:5:5-44
MERGED from [com.google.android.gms:play-services-tasks:16.0.1] AndroidManifest.xml:5:5-44
MERGED from [com.google.android.gms:play-services-basement:16.0.1] AndroidManifest.xml:20:5-44
MERGED from [com.google.android.gms:play-services-basement:16.0.1] AndroidManifest.xml:20:5-44
MERGED from [com.android.support:support-v4:27.1.1] AndroidManifest.xml:20:5-44
MERGED from [com.android.support:support-v4:27.1.1] AndroidManifest.xml:20:5-44
MERGED from [com.android.support:recyclerview-v7:27.1.1] AndroidManifest.xml:20:5-44
MERGED from [com.android.support:recyclerview-v7:27.1.1] AndroidManifest.xml:20:5-44
MERGED from [com.android.support:transition:27.1.1] AndroidManifest.xml:20:5-44
MERGED from [com.android.support:transition:27.1.1] AndroidManifest.xml:20:5-44
MERGED from [com.android.support:cardview-v7:27.0.2] AndroidManifest.xml:20:5-44
MERGED from [com.android.support:cardview-v7:27.0.2] AndroidManifest.xml:20:5-44
MERGED from [com.android.support:customtabs:27.0.2] AndroidManifest.xml:20:5-44
MERGED from [com.android.support:customtabs:27.0.2] AndroidManifest.xml:20:5-44
MERGED from [com.android.support:support-fragment:27.1.1] AndroidManifest.xml:20:5-44
MERGED from [com.android.support:support-fragment:27.1.1] AndroidManifest.xml:20:5-44
MERGED from [com.android.support:animated-vector-drawable:27.1.1] AndroidManifest.xml:20:5-44
MERGED from [com.android.support:animated-vector-drawable:27.1.1] AndroidManifest.xml:20:5-44
MERGED from [com.android.support:support-core-ui:27.1.1] AndroidManifest.xml:20:5-44
MERGED from [com.android.support:support-core-ui:27.1.1] AndroidManifest.xml:20:5-44
MERGED from [com.android.support:support-media-compat:27.1.1] AndroidManifest.xml:20:5-44
MERGED from [com.android.support:support-media-compat:27.1.1] AndroidManifest.xml:20:5-44
MERGED from [com.android.support:support-core-utils:27.1.1] AndroidManifest.xml:20:5-44
MERGED from [com.android.support:support-core-utils:27.1.1] AndroidManifest.xml:20:5-44
MERGED from [com.android.support:support-vector-drawable:27.1.1] AndroidManifest.xml:20:5-44
MERGED from [com.android.support:support-vector-drawable:27.1.1] AndroidManifest.xml:20:5-44
MERGED from [com.android.support:support-compat:27.1.1] AndroidManifest.xml:20:5-44
MERGED from [com.android.support:support-compat:27.1.1] AndroidManifest.xml:20:5-44
MERGED from [com.facebook.fresco:fresco:1.3.0] AndroidManifest.xml:5:5-7:41
MERGED from [com.facebook.fresco:fresco:1.3.0] AndroidManifest.xml:5:5-7:41
MERGED from [com.facebook.fresco:imagepipeline-okhttp3:1.3.0] AndroidManifest.xml:5:5-7:41
MERGED from [com.facebook.fresco:imagepipeline-okhttp3:1.3.0] AndroidManifest.xml:5:5-7:41
MERGED from [com.facebook.fresco:imagepipeline:1.3.0] AndroidManifest.xml:5:5-7:41
MERGED from [com.facebook.fresco:imagepipeline:1.3.0] AndroidManifest.xml:5:5-7:41
MERGED from [com.facebook.fresco:imagepipeline-base:1.3.0] AndroidManifest.xml:5:5-7:41
MERGED from [com.facebook.fresco:imagepipeline-base:1.3.0] AndroidManifest.xml:5:5-7:41
MERGED from [android.arch.lifecycle:livedata-core:1.1.0] AndroidManifest.xml:20:5-44
MERGED from [android.arch.lifecycle:livedata-core:1.1.0] AndroidManifest.xml:20:5-44
MERGED from [android.arch.lifecycle:viewmodel:1.1.0] AndroidManifest.xml:20:5-44
MERGED from [android.arch.lifecycle:viewmodel:1.1.0] AndroidManifest.xml:20:5-44
MERGED from [android.arch.lifecycle:runtime:1.1.0] AndroidManifest.xml:20:5-44
MERGED from [android.arch.lifecycle:runtime:1.1.0] AndroidManifest.xml:20:5-44
MERGED from [android.arch.core:runtime:1.1.0] AndroidManifest.xml:20:5-44
MERGED from [android.arch.core:runtime:1.1.0] AndroidManifest.xml:20:5-44
MERGED from [com.facebook.fbui.textlayoutbuilder:textlayoutbuilder:1.0.0] AndroidManifest.xml:14:5-16:41
MERGED from [com.facebook.fbui.textlayoutbuilder:textlayoutbuilder:1.0.0] AndroidManifest.xml:14:5-16:41
MERGED from [com.facebook.soloader:soloader:0.1.0] AndroidManifest.xml:2:3-70
MERGED from [com.facebook.soloader:soloader:0.1.0] AndroidManifest.xml:2:3-70
MERGED from [com.facebook.fresco:drawee:1.3.0] AndroidManifest.xml:5:5-7:41
MERGED from [com.facebook.fresco:drawee:1.3.0] AndroidManifest.xml:5:5-7:41
MERGED from [com.facebook.fresco:fbcore:1.3.0] AndroidManifest.xml:5:5-7:41
MERGED from [com.facebook.fresco:fbcore:1.3.0] AndroidManifest.xml:5:5-7:41
INJECTED from src/main/AndroidManifest.xml
INJECTED from src/main/AndroidManifest.xml
	android:targetSdkVersion
		INJECTED from src/main/AndroidManifest.xml
		ADDED from src/main/AndroidManifest.xml
		INJECTED from src/main/AndroidManifest.xml
	android:minSdkVersion
		INJECTED from src/main/AndroidManifest.xml
		ADDED from src/main/AndroidManifest.xml
		INJECTED from src/main/AndroidManifest.xml
provider#com.imagepicker.FileProvider
ADDED from [:react-native-image-picker] AndroidManifest.xml:12:9-20:20
	android:grantUriPermissions
		ADDED from [:react-native-image-picker] AndroidManifest.xml:16:13-47
	android:authorities
		ADDED from [:react-native-image-picker] AndroidManifest.xml:14:13-60
	android:exported
		ADDED from [:react-native-image-picker] AndroidManifest.xml:15:13-37
	android:name
		ADDED from [:react-native-image-picker] AndroidManifest.xml:13:13-56
meta-data#android.support.FILE_PROVIDER_PATHS
ADDED from [:react-native-image-picker] AndroidManifest.xml:17:13-19:58
	android:resource
		ADDED from [:react-native-image-picker] AndroidManifest.xml:19:17-55
	android:name
		ADDED from [:react-native-image-picker] AndroidManifest.xml:18:17-67
activity#com.razorpay.CheckoutActivity
ADDED from [:react-native-razorpay] AndroidManifest.xml:12:9-14:86
MERGED from [com.razorpay:checkout:1.5.2] AndroidManifest.xml:18:9-29:20
MERGED from [com.razorpay:checkout:1.5.2] AndroidManifest.xml:18:9-29:20
	android:configChanges
		ADDED from [:react-native-razorpay] AndroidManifest.xml:14:13-83
	android:theme
		ADDED from [com.razorpay:checkout:1.5.2] AndroidManifest.xml:21:13-49
	android:name
		ADDED from [:react-native-razorpay] AndroidManifest.xml:13:13-57
activity#com.facebook.FacebookActivity
ADDED from [com.facebook.android:facebook-common:4.34.0] AndroidManifest.xml:29:9-32:66
	android:configChanges
		ADDED from [com.facebook.android:facebook-common:4.34.0] AndroidManifest.xml:31:13-96
	android:theme
		ADDED from [com.facebook.android:facebook-common:4.34.0] AndroidManifest.xml:32:13-63
	android:name
		ADDED from [com.facebook.android:facebook-common:4.34.0] AndroidManifest.xml:30:13-57
activity#com.facebook.CustomTabMainActivity
ADDED from [com.facebook.android:facebook-common:4.34.0] AndroidManifest.xml:33:9-71
	android:name
		ADDED from [com.facebook.android:facebook-common:4.34.0] AndroidManifest.xml:33:19-68
activity#com.facebook.CustomTabActivity
ADDED from [com.facebook.android:facebook-common:4.34.0] AndroidManifest.xml:34:9-67
	android:name
		ADDED from [com.facebook.android:facebook-common:4.34.0] AndroidManifest.xml:34:19-64
receiver#com.razorpay.RzpTokenReceiver
ADDED from [com.razorpay:checkout:1.5.2] AndroidManifest.xml:12:9-16:20
	android:name
		ADDED from [com.razorpay:checkout:1.5.2] AndroidManifest.xml:12:19-63
intent-filter#action:name:rzp.device_token.share
ADDED from [com.razorpay:checkout:1.5.2] AndroidManifest.xml:13:13-15:29
action#rzp.device_token.share
ADDED from [com.razorpay:checkout:1.5.2] AndroidManifest.xml:14:17-65
	android:name
		ADDED from [com.razorpay:checkout:1.5.2] AndroidManifest.xml:14:25-62
intent-filter#action:name:android.intent.action.MAIN+data:host:rzp.io+data:scheme:io.rzp
ADDED from [com.razorpay:checkout:1.5.2] AndroidManifest.xml:22:13-28:29
data
ADDED from [com.razorpay:checkout:1.5.2] AndroidManifest.xml:25:17-27:47
	android:host
		ADDED from [com.razorpay:checkout:1.5.2] AndroidManifest.xml:26:21-42
	android:scheme
		ADDED from [com.razorpay:checkout:1.5.2] AndroidManifest.xml:27:21-44
activity#com.google.android.gms.auth.api.signin.internal.SignInHubActivity
ADDED from [com.google.android.gms:play-services-auth:16.0.1] AndroidManifest.xml:23:9-27:75
	android:excludeFromRecents
		ADDED from [com.google.android.gms:play-services-auth:16.0.1] AndroidManifest.xml:25:13-46
	android:exported
		ADDED from [com.google.android.gms:play-services-auth:16.0.1] AndroidManifest.xml:26:13-37
	android:theme
		ADDED from [com.google.android.gms:play-services-auth:16.0.1] AndroidManifest.xml:27:13-72
	android:name
		ADDED from [com.google.android.gms:play-services-auth:16.0.1] AndroidManifest.xml:24:13-93
service#com.google.android.gms.auth.api.signin.RevocationBoundService
ADDED from [com.google.android.gms:play-services-auth:16.0.1] AndroidManifest.xml:33:9-36:110
	android:exported
		ADDED from [com.google.android.gms:play-services-auth:16.0.1] AndroidManifest.xml:35:13-36
	android:permission
		ADDED from [com.google.android.gms:play-services-auth:16.0.1] AndroidManifest.xml:36:13-107
	android:name
		ADDED from [com.google.android.gms:play-services-auth:16.0.1] AndroidManifest.xml:34:13-89
provider#com.facebook.marketing.internal.MarketingInitProvider
ADDED from [com.facebook.android:facebook-marketing:4.34.0] AndroidManifest.xml:29:9-32:40
	android:authorities
		ADDED from [com.facebook.android:facebook-marketing:4.34.0] AndroidManifest.xml:31:13-73
	android:exported
		ADDED from [com.facebook.android:facebook-marketing:4.34.0] AndroidManifest.xml:32:13-37
	android:name
		ADDED from [com.facebook.android:facebook-marketing:4.34.0] AndroidManifest.xml:30:13-81
provider#com.facebook.internal.FacebookInitProvider
ADDED from [com.facebook.android:facebook-core:4.34.0] AndroidManifest.xml:39:9-42:40
	android:authorities
		ADDED from [com.facebook.android:facebook-core:4.34.0] AndroidManifest.xml:41:13-72
	android:exported
		ADDED from [com.facebook.android:facebook-core:4.34.0] AndroidManifest.xml:42:13-37
	android:name
		ADDED from [com.facebook.android:facebook-core:4.34.0] AndroidManifest.xml:40:13-70
receiver#com.facebook.CurrentAccessTokenExpirationBroadcastReceiver
ADDED from [com.facebook.android:facebook-core:4.34.0] AndroidManifest.xml:44:9-50:20
	android:exported
		ADDED from [com.facebook.android:facebook-core:4.34.0] AndroidManifest.xml:46:13-37
	android:name
		ADDED from [com.facebook.android:facebook-core:4.34.0] AndroidManifest.xml:45:13-86
intent-filter#action:name:com.facebook.sdk.ACTION_CURRENT_ACCESS_TOKEN_CHANGED
ADDED from [com.facebook.android:facebook-core:4.34.0] AndroidManifest.xml:47:13-49:29
action#com.facebook.sdk.ACTION_CURRENT_ACCESS_TOKEN_CHANGED
ADDED from [com.facebook.android:facebook-core:4.34.0] AndroidManifest.xml:48:17-95
	android:name
		ADDED from [com.facebook.android:facebook-core:4.34.0] AndroidManifest.xml:48:25-92
activity#com.google.android.gms.common.api.GoogleApiActivity
ADDED from [com.google.android.gms:play-services-base:16.0.1] AndroidManifest.xml:23:9-26:75
	android:exported
		ADDED from [com.google.android.gms:play-services-base:16.0.1] AndroidManifest.xml:25:13-37
	android:theme